<?xml version="1.0" encoding="UTF-8"?>
<!-- Generated by org.testng.reporters.JUnitXMLReporter -->
<testsuite hostname="nbhushan-WX-1" name="Test" tests="1" failures="1" timestamp="27 Aug 2018 05:33:12 GMT" time="61.707" errors="0">
  <testcase name="TestEffects" time="31.759" classname="UI.Effects">
    <failure type="java.lang.AssertionError" message="expected [true] but found [false]">
      <![CDATA[java.lang.AssertionError: expected [true] but found [false]
	at UI.Effects.TestEffects(Effects.java:99)
	at UI.TestNGRunner.main(TestNGRunner.java:22)
	at org.codehaus.mojo.exec.ExecJavaMojo$1.run(ExecJavaMojo.java:282)
	at java.lang.Thread.run(Thread.java:748)
... Removed 29 stack frames]]>
    </failure>
  </testcase> <!-- TestEffects -->
</testsuite> <!-- Test -->
