<?xml version="1.0" encoding="UTF-8"?>
<testng-results skipped="0" failed="0" ignored="0" total="2" passed="2">
  <reporter-output>
  </reporter-output>
  <suite name="Suite" duration-ms="179219" started-at="2018-08-28T10:22:16Z" finished-at="2018-08-28T10:25:15Z">
    <groups>
    </groups>
    <test name="Effects Test" duration-ms="71494" started-at="2018-08-28T10:22:16Z" finished-at="2018-08-28T10:23:27Z">
      <class name="UI.Effects">
        <test-method status="PASS" signature="setUp()[pri:0, instance:UI.Effects@7f63425a]" name="setUp" is-config="true" duration-ms="30283" started-at="2018-08-28T10:22:16Z" finished-at="2018-08-28T10:22:46Z">
          <reporter-output>
          </reporter-output>
        </test-method> <!-- setUp -->
        <test-method status="PASS" signature="TestEffects()[pri:0, instance:UI.Effects@7f63425a]" name="TestEffects" duration-ms="37565" started-at="2018-08-28T10:22:46Z" finished-at="2018-08-28T10:23:24Z">
          <reporter-output>
          </reporter-output>
        </test-method> <!-- TestEffects -->
        <test-method status="PASS" signature="tearDown()[pri:0, instance:UI.Effects@7f63425a]" name="tearDown" is-config="true" duration-ms="3632" started-at="2018-08-28T10:23:24Z" finished-at="2018-08-28T10:23:27Z">
          <reporter-output>
          </reporter-output>
        </test-method> <!-- tearDown -->
      </class> <!-- UI.Effects -->
    </test> <!-- Effects Test -->
    <test name="Glass Pane Test" duration-ms="107699" started-at="2018-08-28T10:23:27Z" finished-at="2018-08-28T10:25:15Z">
      <class name="UI.GE_GlassPane">
        <test-method status="PASS" signature="setUp()[pri:0, instance:UI.GE_GlassPane@13969fbe]" name="setUp" is-config="true" duration-ms="26180" started-at="2018-08-28T10:23:27Z" finished-at="2018-08-28T10:23:54Z">
          <reporter-output>
          </reporter-output>
        </test-method> <!-- setUp -->
        <test-method status="PASS" signature="TestGlassPane()[pri:0, instance:UI.GE_GlassPane@13969fbe]" name="TestGlassPane" duration-ms="77885" started-at="2018-08-28T10:23:54Z" finished-at="2018-08-28T10:25:11Z">
          <reporter-output>
          </reporter-output>
        </test-method> <!-- TestGlassPane -->
        <test-method status="PASS" signature="tearDown()[pri:0, instance:UI.GE_GlassPane@13969fbe]" name="tearDown" is-config="true" duration-ms="3634" started-at="2018-08-28T10:25:11Z" finished-at="2018-08-28T10:25:15Z">
          <reporter-output>
          </reporter-output>
        </test-method> <!-- tearDown -->
      </class> <!-- UI.GE_GlassPane -->
    </test> <!-- Glass Pane Test -->
  </suite> <!-- Suite -->
</testng-results>
